2024-01-19T11:36:41.231Z [CONTACT] ERROR: Cast to ObjectId failed for value "577465666567575" (type string) at path "_id" for model "contacts"
2024-01-19T11:36:47.257Z [CONTACT] ERROR: Cast to ObjectId failed for value "65478577465666567575" (type string) at path "_id" for model "contacts"
2024-01-19T11:38:27.266Z [CONTACT] ERROR: Cast to ObjectId failed for value "65478577465666567575" (type string) at path "_id" for model "contacts"
2024-01-19T11:38:28.943Z [CONTACT] ERROR: Cast to ObjectId failed for value "65478577465666567575" (type string) at path "_id" for model "contacts"
2024-01-19T11:38:39.269Z [CONTACT] ERROR: Cast to ObjectId failed for value "65478577465666567575" (type string) at path "_id" for model "contacts"
2024-01-19T11:38:42.376Z [CONTACT] ERROR: Cast to ObjectId failed for value "65478577465666567575" (type string) at path "_id" for model "contacts"
2024-01-19T11:39:00.460Z [CONTACT] ERROR: Cast to ObjectId failed for value "65478577465666567575" (type string) at path "_id" for model "contacts"
2024-01-19T11:39:05.521Z [CONTACT] ERROR: Cast to ObjectId failed for value "65478577465666567575" (type string) at path "_id" for model "contacts"
2024-01-19T11:39:29.160Z [CONTACT] ERROR: Cast to ObjectId failed for value "65478577465666567575" (type string) at path "_id" for model "contacts"
2024-01-19T11:40:02.822Z [CONTACT] INFO: Contact viewed
2024-01-19T11:40:15.112Z [CONTACT] INFO: Success
2024-01-19T11:40:15.278Z [CONTACT] INFO: Success
2024-01-19T11:40:39.328Z [CONTACT] INFO: Success
2024-01-19T11:40:39.510Z [CONTACT] INFO: Success
2024-01-19T11:40:56.837Z [CONTACT] INFO: Contact viewed
2024-01-19T11:41:16.834Z [CONTACT] INFO: Success
2024-01-19T11:41:17.687Z [CONTACT] INFO: Success
2024-01-19T11:48:05.518Z [CONTACT] INFO: Success
2024-01-19T11:48:12.791Z [CONTACT] INFO: Success
2024-01-19T11:52:25.012Z [CONTACT] INFO: Success
2024-01-19T11:52:25.220Z [CONTACT] INFO: Success
2024-01-19T11:52:42.332Z [CONTACT] INFO: Success
2024-01-19T11:52:42.815Z [CONTACT] INFO: Success
2024-01-19T11:52:48.639Z [CONTACT] INFO: Success
2024-01-19T11:52:48.938Z [CONTACT] INFO: Success
2024-01-19T11:52:59.560Z [CONTACT] INFO: Success
2024-01-19T11:53:00.116Z [CONTACT] INFO: Success
2024-01-19T11:53:03.418Z [CONTACT] INFO: Success
2024-01-19T11:53:03.924Z [CONTACT] INFO: Success
2024-01-19T11:55:47.974Z [CONTACT] INFO: Contact viewed
2024-01-19T11:57:00.782Z [CONTACT] INFO: Contact viewed
2024-01-19T11:57:08.077Z [CONTACT] INFO: Contact viewed
2024-01-19T11:57:28.773Z [CONTACT] INFO: Success
2024-01-19T11:57:29.154Z [CONTACT] INFO: Success
2024-01-19T11:58:21.579Z [CONTACT] INFO: Contact viewed
2024-01-19T11:58:27.301Z [CONTACT] INFO: Contact viewed
2024-01-19T11:58:31.922Z [CONTACT] INFO: Contact viewed
2024-01-19T11:58:36.252Z [CONTACT] INFO: Contact viewed
2024-01-19T11:58:40.216Z [CONTACT] INFO: Contact viewed
2024-01-19T11:58:46.053Z [CONTACT] INFO: Contact viewed
2024-01-19T11:59:01.925Z [CONTACT] INFO: Contact viewed
2024-01-19T11:59:16.856Z [CONTACT] INFO: Contact viewed
2024-01-19T11:59:51.387Z [CONTACT] INFO: Contact viewed
2024-01-19T11:59:57.019Z [CONTACT] INFO: Contact viewed
2024-01-19T12:00:01.626Z [CONTACT] INFO: Contact viewed
2024-01-19T12:02:50.492Z [CONTACT] INFO: Contact created
2024-01-19T12:05:36.283Z [CONTACT] INFO: Contact updated
2024-01-19T12:05:36.692Z [CONTACT] INFO: Success
2024-01-19T12:05:36.893Z [CONTACT] INFO: Success
2024-01-19T12:07:31.048Z [CONTACT] INFO: Contact viewed
2024-01-19T12:07:45.680Z [CONTACT] INFO: Contact viewed
2024-01-19T12:08:35.200Z [CONTACT] INFO: Contact viewed
2024-01-19T12:08:51.161Z [CONTACT] INFO: Contact viewed
2024-01-19T12:08:59.871Z [CONTACT] INFO: Contact viewed
2024-01-19T12:09:17.270Z [CONTACT] INFO: Contact viewed
2024-01-19T12:09:31.504Z [CONTACT] INFO: Contact viewed
2024-01-19T12:09:40.416Z [CONTACT] INFO: Contact viewed
2024-01-19T12:09:44.534Z [CONTACT] INFO: Contact viewed
2024-01-19T12:10:06.451Z [CONTACT] INFO: Contact viewed
2024-01-19T12:10:09.191Z [CONTACT] INFO: Contact viewed
2024-01-19T12:10:13.694Z [CONTACT] INFO: Contact viewed
2024-01-19T12:10:22.217Z [CONTACT] INFO: Contact viewed
2024-01-19T12:11:38.491Z [CONTACT] ERROR: You don't have the WRITE access to this document
2024-01-19T12:11:39.099Z [CONTACT] INFO: Success
2024-01-19T12:11:39.303Z [CONTACT] INFO: Success
2024-01-19T12:12:16.552Z [CONTACT] ERROR: You don't have the WRITE access to this document
2024-01-19T12:12:17.319Z [CONTACT] INFO: Success
2024-01-19T12:12:17.860Z [CONTACT] INFO: Success
2024-01-19T12:13:50.962Z [CONTACT] ERROR: You don't have the WRITE access to this document
2024-01-19T12:13:51.517Z [CONTACT] INFO: Success
2024-01-19T12:13:51.943Z [CONTACT] INFO: Success
2024-01-19T12:16:26.812Z [CONTACT] ERROR: You don't have the WRITE access to this document
2024-01-19T12:16:27.370Z [CONTACT] INFO: Success
2024-01-19T12:16:28.024Z [CONTACT] INFO: Success
2024-01-19T12:17:33.147Z [CONTACT] ERROR: You don't have the WRITE access to this document
2024-01-19T12:17:34.166Z [CONTACT] INFO: Success
2024-01-19T12:17:34.526Z [CONTACT] INFO: Success
2024-01-19T12:18:30.948Z [CONTACT] INFO: Success
2024-01-19T12:18:31.716Z [CONTACT] INFO: Success
2024-01-19T12:18:32.400Z [CONTACT] INFO: Success
2024-01-19T12:18:34.627Z [CONTACT] INFO: Success
2024-01-19T12:18:34.862Z [CONTACT] INFO: Success
2024-01-19T12:18:39.263Z [CONTACT] INFO: Success
2024-01-19T12:18:39.446Z [CONTACT] INFO: Success
2024-01-19T12:18:44.089Z [CONTACT] INFO: Success
2024-01-19T12:18:44.284Z [CONTACT] INFO: Success
2024-01-19T12:20:30.323Z [CONTACT] INFO: Contact viewed
2024-01-19T12:20:40.038Z [CONTACT] ERROR: You don't have the WRITE access to this document
2024-01-19T12:20:45.904Z [CONTACT] ERROR: You don't have the WRITE access to this document
2024-01-19T12:20:54.186Z [CONTACT] ERROR: You don't have the WRITE access to this document
2024-01-19T12:20:56.114Z [CONTACT] ERROR: You don't have the WRITE access to this document
2024-01-19T12:21:21.148Z [CONTACT] ERROR: You don't have the WRITE access to this document
2024-01-19T12:21:42.601Z [CONTACT] ERROR: You don't have the WRITE access to this document
2024-01-19T12:21:42.898Z [CONTACT] INFO: Success
2024-01-19T12:21:43.178Z [CONTACT] INFO: Success
2024-01-19T12:22:36.733Z [CONTACT] ERROR: You don't have the WRITE access to this document
2024-01-19T12:22:37.144Z [CONTACT] INFO: Success
2024-01-19T12:22:37.351Z [CONTACT] INFO: Success
2024-01-19T12:23:00.635Z [CONTACT] INFO: Success
2024-01-19T12:23:00.914Z [CONTACT] INFO: Success
2024-01-19T12:23:02.143Z [CONTACT] INFO: Success
2024-01-19T12:23:02.347Z [CONTACT] INFO: Success
2024-01-19T12:23:04.594Z [CONTACT] INFO: Success
2024-01-19T12:23:04.783Z [CONTACT] INFO: Success
2024-01-19T12:23:06.584Z [CONTACT] INFO: Success
2024-01-19T12:23:07.704Z [CONTACT] INFO: Success
2024-01-19T12:23:09.291Z [CONTACT] INFO: Success
2024-01-19T12:23:09.717Z [CONTACT] INFO: Success
2024-01-19T12:23:34.096Z [CONTACT] ERROR: You don't have the WRITE access to this document
2024-01-19T12:23:34.495Z [CONTACT] INFO: Success
2024-01-19T12:23:34.694Z [CONTACT] INFO: Success
2024-01-19T12:24:42.919Z [CONTACT] ERROR: You don't have the WRITE access to this document
2024-01-19T12:36:19.857Z [CONTACT] INFO: Success
2024-01-19T12:36:20.020Z [CONTACT] INFO: Success
2024-01-19T12:36:23.033Z [CONTACT] INFO: Success
2024-01-19T12:36:23.549Z [CONTACT] INFO: Success
2024-01-19T12:36:24.886Z [CONTACT] INFO: Success
2024-01-19T12:36:25.148Z [CONTACT] INFO: Success
2024-01-19T12:36:52.421Z [CONTACT] INFO: Success
2024-01-19T12:36:53.353Z [CONTACT] INFO: Success
2024-01-19T12:38:28.270Z [CONTACT] INFO: Contact viewed
